[2019-12-17T09:31:15.791] [DEBUG] cheese - login => username:zs,password:123456
[2019-12-17T09:31:15.793] [DEBUG] cheese - zs
[2019-12-17T09:31:15.811] [DEBUG] cheese - { inspect: [Function: inspect] }
[2019-12-17T09:31:15.813] [DEBUG] cheese - 查询失败
[2019-12-17T09:31:28.062] [DEBUG] cheese - login => username:zs,password:123456
[2019-12-17T09:31:28.062] [DEBUG] cheese - zs
[2019-12-17T09:31:28.081] [DEBUG] cheese - { inspect: [Function: inspect] }
[2019-12-17T09:31:28.082] [DEBUG] cheese - 查询失败
[2019-12-17T09:32:11.589] [DEBUG] cheese - login => username:admin,password:123456
[2019-12-17T09:32:11.589] [DEBUG] cheese - admin
[2019-12-17T09:32:11.594] [DEBUG] cheese - { inspect: [Function: inspect] }
[2019-12-17T09:32:11.594] [DEBUG] cheese - 查询失败
[2019-12-17T09:33:16.436] [DEBUG] cheese - login => username:admin,password:123456
[2019-12-17T09:33:16.437] [DEBUG] cheese - admin
[2019-12-17T09:33:16.442] [DEBUG] cheese - { inspect: [Function: inspect] }
[2019-12-17T09:33:16.442] [DEBUG] cheese - 查询失败
[2019-12-17T09:35:19.981] [DEBUG] cheese - login => username:admin,password:123456
[2019-12-17T09:35:19.981] [DEBUG] cheese - admin
[2019-12-17T09:35:19.986] [DEBUG] cheese - { inspect: [Function: inspect] }
[2019-12-17T09:35:19.986] [DEBUG] cheese - 查询失败
[2019-12-17T10:39:56.016] [DEBUG] cheese - login => username:admin,password:123456
[2019-12-17T10:39:56.017] [DEBUG] cheese - admin
[2019-12-17T10:39:56.029] [DEBUG] cheese - { inspect: [Function: inspect] }
[2019-12-17T10:39:56.031] [DEBUG] cheese - 查询失败
[2019-12-17T10:43:36.116] [DEBUG] cheese - login => username:fdas ,password:f dsa
[2019-12-17T10:43:36.117] [DEBUG] cheese - fdas 
[2019-12-17T10:43:36.122] [DEBUG] cheese - { inspect: [Function: inspect] }
[2019-12-17T10:43:36.122] [DEBUG] cheese - 查询失败
[2019-12-17T10:45:33.289] [DEBUG] cheese - login => username:admin,password:123456
[2019-12-17T10:45:33.293] [DEBUG] cheese - admin
[2019-12-17T10:45:33.306] [DEBUG] cheese - { inspect: [Function: inspect] }
[2019-12-17T10:45:33.306] [DEBUG] cheese - 查询失败
[2019-12-17T10:47:50.967] [DEBUG] cheese - login => username: fdsa ,password: fads
[2019-12-17T10:47:50.968] [DEBUG] cheese -  fdsa 
[2019-12-17T10:47:50.975] [DEBUG] cheese - { inspect: [Function: inspect] }
[2019-12-17T10:47:50.976] [DEBUG] cheese - 查询失败
[2019-12-17T10:53:05.193] [DEBUG] cheese - login => username:fad fasd ,password:f sda fdas
[2019-12-17T10:53:05.196] [DEBUG] cheese - fad fasd 
[2019-12-17T10:53:05.213] [DEBUG] cheese - { inspect: [Function: inspect] }
[2019-12-17T10:53:05.215] [DEBUG] cheese - 查询失败
[2019-12-17T10:53:52.741] [DEBUG] cheese - login => username:fad fasd ,password:f sda fdas
[2019-12-17T10:53:52.741] [DEBUG] cheese - fad fasd 
[2019-12-17T10:53:52.751] [DEBUG] cheese - { inspect: [Function: inspect] }
[2019-12-17T10:53:52.751] [DEBUG] cheese - 查询失败
[2019-12-17T10:54:24.134] [DEBUG] cheese - login => username: dfas,password:f dsa
[2019-12-17T10:54:24.134] [DEBUG] cheese -  dfas
[2019-12-17T10:54:24.145] [DEBUG] cheese - { inspect: [Function: inspect] }
[2019-12-17T10:54:24.145] [DEBUG] cheese - 查询失败
[2019-12-17T11:00:18.932] [DEBUG] cheese - login => username:admindffas,password:123456da
[2019-12-17T11:00:18.934] [DEBUG] cheese - admindffas
[2019-12-17T11:00:19.012] [DEBUG] cheese - { inspect: [Function: inspect] }
[2019-12-17T11:00:19.016] [DEBUG] cheese - 查询失败
[2019-12-17T11:00:19.053] [DEBUG] cheese - login => username:admindffas,password:123456da
[2019-12-17T11:00:19.053] [DEBUG] cheese - admindffas
[2019-12-17T11:00:19.060] [DEBUG] cheese - { inspect: [Function: inspect] }
[2019-12-17T11:00:19.060] [DEBUG] cheese - 查询失败
[2019-12-17T11:00:19.213] [DEBUG] cheese - login => username:admindffas,password:123456da
[2019-12-17T11:00:19.214] [DEBUG] cheese - admindffas
[2019-12-17T11:00:19.224] [DEBUG] cheese - { inspect: [Function: inspect] }
[2019-12-17T11:00:19.224] [DEBUG] cheese - 查询失败
[2019-12-17T11:00:19.622] [DEBUG] cheese - login => username:admindffas,password:123456da
[2019-12-17T11:00:19.622] [DEBUG] cheese - admindffas
[2019-12-17T11:00:19.628] [DEBUG] cheese - { inspect: [Function: inspect] }
[2019-12-17T11:00:19.628] [DEBUG] cheese - 查询失败
[2019-12-17T11:00:51.307] [DEBUG] cheese - login => username:admindsa,password:123456
[2019-12-17T11:00:51.307] [DEBUG] cheese - admindsa
[2019-12-17T11:00:51.318] [DEBUG] cheese - { inspect: [Function: inspect] }
[2019-12-17T11:00:51.318] [DEBUG] cheese - 查询失败
[2019-12-17T12:32:55.298] [DEBUG] cheese - login => username:admin,password:123456
[2019-12-17T12:32:55.300] [DEBUG] cheese - admin
[2019-12-17T12:32:55.314] [DEBUG] cheese - { inspect: [Function: inspect] }
[2019-12-17T12:32:55.316] [DEBUG] cheese - 查询失败
[2019-12-17T12:33:49.190] [DEBUG] cheese - login => username:admin,password:123456
[2019-12-17T12:33:49.191] [DEBUG] cheese - admin
[2019-12-17T12:33:49.196] [DEBUG] cheese - { inspect: [Function: inspect] }
[2019-12-17T12:33:49.196] [DEBUG] cheese - 查询失败
[2019-12-17T12:36:11.954] [DEBUG] cheese - login => username:admin,password:123456
[2019-12-17T12:36:11.954] [DEBUG] cheese - admin
[2019-12-17T12:36:11.961] [DEBUG] cheese - { inspect: [Function: inspect] }
[2019-12-17T12:36:11.961] [DEBUG] cheese - 查询失败
[2019-12-17T12:40:03.817] [DEBUG] cheese - login => username:admin,password:123456
[2019-12-17T12:40:03.817] [DEBUG] cheese - admin
[2019-12-17T12:40:03.850] [DEBUG] cheese - { inspect: [Function: inspect] }
[2019-12-17T12:40:03.850] [DEBUG] cheese - 查询失败
[2019-12-17T12:42:25.297] [DEBUG] cheese - login => username:admin,password:123456
[2019-12-17T12:42:25.299] [DEBUG] cheese - admin
[2019-12-17T12:42:25.314] [DEBUG] cheese - { inspect: [Function: inspect] }
[2019-12-17T12:42:25.318] [DEBUG] cheese - 查询失败
[2019-12-17T12:45:31.437] [DEBUG] cheese - login => username:admin,password:123456
[2019-12-17T12:45:31.437] [DEBUG] cheese - admin
[2019-12-17T12:45:31.442] [DEBUG] cheese - { inspect: [Function: inspect] }
[2019-12-17T12:45:31.442] [DEBUG] cheese - 查询失败
[2019-12-17T12:53:18.511] [DEBUG] cheese - login => username:admin,password:123456
[2019-12-17T12:53:18.514] [DEBUG] cheese - admin
[2019-12-17T12:53:18.527] [DEBUG] cheese - { inspect: [Function: inspect] }
[2019-12-17T12:53:18.529] [DEBUG] cheese - 查询失败
[2019-12-17T12:53:39.907] [DEBUG] cheese - login => username:admin,password:123456
[2019-12-17T12:53:39.907] [DEBUG] cheese - admin
[2019-12-17T12:53:39.912] [DEBUG] cheese - { inspect: [Function: inspect] }
[2019-12-17T12:53:39.913] [DEBUG] cheese - 查询失败
[2019-12-17T12:53:45.379] [DEBUG] cheese - login => username:admin,password:123456
[2019-12-17T12:53:45.380] [DEBUG] cheese - admin
[2019-12-17T12:53:45.385] [DEBUG] cheese - { inspect: [Function: inspect] }
[2019-12-17T12:53:45.385] [DEBUG] cheese - 查询失败
[2019-12-17T12:54:38.699] [DEBUG] cheese - login => username:admin,password:123456
[2019-12-17T12:54:38.699] [DEBUG] cheese - admin
[2019-12-17T12:54:38.708] [DEBUG] cheese - { inspect: [Function: inspect] }
[2019-12-17T12:54:38.709] [DEBUG] cheese - 查询失败
[2019-12-17T12:55:14.897] [DEBUG] cheese - login => username:admin,password:123456
[2019-12-17T12:55:14.897] [DEBUG] cheese - admin
[2019-12-17T12:55:14.916] [DEBUG] cheese - { inspect: [Function: inspect] }
[2019-12-17T12:55:14.921] [DEBUG] cheese - 查询失败
[2019-12-17T13:46:45.880] [DEBUG] cheese - login => username:admin,password:123456
[2019-12-17T13:46:45.881] [DEBUG] cheese - admin
[2019-12-17T13:46:45.894] [DEBUG] cheese - null
[2019-12-17T13:46:45.895] [DEBUG] cheese - null
[2019-12-17T13:47:04.961] [DEBUG] cheese - login => username:admin,password:123456
[2019-12-17T13:47:04.961] [DEBUG] cheese - admin
[2019-12-17T13:47:04.967] [DEBUG] cheese - null
[2019-12-17T13:47:04.967] [DEBUG] cheese - null
[2019-12-17T13:47:22.330] [DEBUG] cheese - login => username:admin,password:123456
[2019-12-17T13:47:22.330] [DEBUG] cheese - admin
[2019-12-17T13:47:22.334] [DEBUG] cheese - null
[2019-12-17T13:47:22.334] [DEBUG] cheese - null
[2019-12-17T15:05:09.169] [DEBUG] cheese - login => username:admin,password:123456
[2019-12-17T15:05:09.169] [DEBUG] cheese - admin
[2019-12-17T15:05:09.173] [DEBUG] cheese - null
[2019-12-17T15:05:09.173] [DEBUG] cheese - null
[2019-12-17T15:25:33.637] [DEBUG] cheese - login => username:admid,password:123dffd
[2019-12-17T15:25:33.637] [DEBUG] cheese - admid
[2019-12-17T15:25:33.646] [DEBUG] cheese - null
[2019-12-17T15:25:33.646] [DEBUG] cheese - null
[2019-12-17T15:25:38.914] [DEBUG] cheese - login => username:admin,password:123dffd
[2019-12-17T15:25:38.915] [DEBUG] cheese - admin
[2019-12-17T15:25:38.917] [DEBUG] cheese - null
[2019-12-17T15:25:38.918] [DEBUG] cheese - null
[2019-12-17T15:25:45.268] [DEBUG] cheese - login => username:admin,password:123456
[2019-12-17T15:25:45.268] [DEBUG] cheese - admin
[2019-12-17T15:25:45.271] [DEBUG] cheese - null
[2019-12-17T15:25:45.271] [DEBUG] cheese - null
[2019-12-17T15:34:56.655] [DEBUG] cheese - login => username:admin,password:123456
[2019-12-17T15:34:56.655] [DEBUG] cheese - admin
[2019-12-17T15:34:56.660] [DEBUG] cheese - null
[2019-12-17T15:34:56.660] [DEBUG] cheese - null
[2019-12-17T15:35:03.361] [DEBUG] cheese - login => username:admin,password:1234568
[2019-12-17T15:35:03.361] [DEBUG] cheese - admin
[2019-12-17T15:35:03.364] [DEBUG] cheese - null
[2019-12-17T15:35:03.365] [DEBUG] cheese - null
[2019-12-17T15:35:29.525] [DEBUG] cheese - login => username:admin,password:123456789
[2019-12-17T15:35:29.525] [DEBUG] cheese - admin
[2019-12-17T15:35:29.527] [DEBUG] cheese - null
[2019-12-17T15:35:29.528] [DEBUG] cheese - null
[2019-12-17T15:42:04.533] [DEBUG] cheese - login => username:admin,password:123456
[2019-12-17T15:42:04.534] [DEBUG] cheese - admin
[2019-12-17T15:42:04.540] [DEBUG] cheese - null
[2019-12-17T15:42:04.541] [DEBUG] cheese - null
[2019-12-17T15:43:39.750] [DEBUG] cheese - login => username:admin,password:123456
[2019-12-17T15:43:39.751] [DEBUG] cheese - admin
[2019-12-17T15:43:39.754] [DEBUG] cheese - null
[2019-12-17T15:43:39.754] [DEBUG] cheese - null
[2019-12-17T15:46:33.259] [DEBUG] cheese - login => username:admin,password:123456
[2019-12-17T15:46:33.259] [DEBUG] cheese - admin
[2019-12-17T15:46:33.266] [DEBUG] cheese - null
[2019-12-17T15:46:33.266] [DEBUG] cheese - null
[2019-12-17T15:46:51.735] [DEBUG] cheese - login => username:admin,password:123456
[2019-12-17T15:46:51.735] [DEBUG] cheese - admin
[2019-12-17T15:46:51.738] [DEBUG] cheese - null
[2019-12-17T15:46:51.738] [DEBUG] cheese - null
[2019-12-17T16:00:30.812] [DEBUG] cheese - login => username:admin,password:123456
[2019-12-17T16:00:30.812] [DEBUG] cheese - admin
[2019-12-17T16:00:30.814] [DEBUG] cheese - null
[2019-12-17T16:00:30.814] [DEBUG] cheese - null
[2019-12-17T16:07:31.018] [DEBUG] cheese - login => username:admin,password:123456
[2019-12-17T16:07:31.018] [DEBUG] cheese - admin
[2019-12-17T16:07:31.021] [DEBUG] cheese - null
[2019-12-17T16:07:31.022] [DEBUG] cheese - null
[2019-12-17T16:08:00.672] [DEBUG] cheese - login => username:admin,password:123456
[2019-12-17T16:08:00.672] [DEBUG] cheese - admin
[2019-12-17T16:08:00.678] [DEBUG] cheese - null
[2019-12-17T16:08:00.678] [DEBUG] cheese - null
[2019-12-17T16:10:50.550] [DEBUG] cheese - login => username:admin,password:123456
[2019-12-17T16:10:50.550] [DEBUG] cheese - admin
[2019-12-17T16:10:50.553] [DEBUG] cheese - null
[2019-12-17T16:10:50.554] [DEBUG] cheese - null
[2019-12-17T16:20:05.705] [DEBUG] cheese - login => username:admin,password:123456
[2019-12-17T16:20:05.705] [DEBUG] cheese - admin
[2019-12-17T16:20:05.709] [DEBUG] cheese - null
[2019-12-17T16:20:05.709] [DEBUG] cheese - null
[2019-12-17T16:20:11.250] [DEBUG] cheese - login => username:admin,password:123456
[2019-12-17T16:20:11.250] [DEBUG] cheese - admin
[2019-12-17T16:20:11.256] [DEBUG] cheese - null
[2019-12-17T16:20:11.256] [DEBUG] cheese - null
[2019-12-17T16:23:07.533] [DEBUG] cheese - login => username:admin,password:123456
[2019-12-17T16:23:07.534] [DEBUG] cheese - admin
[2019-12-17T16:23:07.587] [DEBUG] cheese - null
[2019-12-17T16:23:07.588] [DEBUG] cheese - null
[2019-12-17T16:25:14.279] [DEBUG] cheese - login => username:admin,password:123456
[2019-12-17T16:25:14.279] [DEBUG] cheese - admin
[2019-12-17T16:25:14.286] [DEBUG] cheese - null
[2019-12-17T16:25:14.286] [DEBUG] cheese - null
[2019-12-17T16:29:10.738] [DEBUG] cheese - login => username:admin,password:123456
[2019-12-17T16:29:10.738] [DEBUG] cheese - admin
[2019-12-17T16:29:10.744] [DEBUG] cheese - null
[2019-12-17T16:29:10.744] [DEBUG] cheese - null
[2019-12-17T16:38:42.387] [DEBUG] cheese - login => username:admin,password:123456
[2019-12-17T16:38:42.387] [DEBUG] cheese - admin
[2019-12-17T16:38:42.394] [DEBUG] cheese - null
[2019-12-17T16:38:42.395] [DEBUG] cheese - null
[2019-12-17T16:53:09.355] [DEBUG] cheese - login => username:admin,password:123456
[2019-12-17T16:53:09.356] [DEBUG] cheese - admin
[2019-12-17T16:53:09.360] [DEBUG] cheese - null
[2019-12-17T16:53:09.360] [DEBUG] cheese - null
[2019-12-17T17:07:58.998] [DEBUG] cheese - login => username:admin,password:123456
[2019-12-17T17:07:58.998] [DEBUG] cheese - admin
[2019-12-17T17:07:59.001] [DEBUG] cheese - null
[2019-12-17T17:07:59.002] [DEBUG] cheese - null
[2019-12-17T17:08:05.601] [DEBUG] cheese - login => username:admin,password:123456122
[2019-12-17T17:08:05.601] [DEBUG] cheese - admin
[2019-12-17T17:08:05.613] [DEBUG] cheese - null
[2019-12-17T17:08:05.613] [DEBUG] cheese - null
[2019-12-17T17:08:12.722] [DEBUG] cheese - login => username:admin,password:1213456
[2019-12-17T17:08:12.722] [DEBUG] cheese - admin
[2019-12-17T17:08:12.725] [DEBUG] cheese - null
[2019-12-17T17:08:12.725] [DEBUG] cheese - null
[2019-12-17T17:08:18.695] [DEBUG] cheese - login => username:admin,password:123456
[2019-12-17T17:08:18.695] [DEBUG] cheese - admin
[2019-12-17T17:08:18.697] [DEBUG] cheese - null
[2019-12-17T17:08:18.698] [DEBUG] cheese - null
[2019-12-17T18:54:16.046] [DEBUG] cheese - login => username:admin,password:123456
[2019-12-17T18:54:16.046] [DEBUG] cheese - admin
[2019-12-17T18:54:16.050] [DEBUG] cheese - null
[2019-12-17T18:54:16.051] [DEBUG] cheese - null
[2019-12-17T21:11:27.416] [DEBUG] cheese - login => username:admin,password:123456
[2019-12-17T21:11:27.416] [DEBUG] cheese - admin
[2019-12-17T21:11:27.421] [DEBUG] cheese - null
[2019-12-17T21:11:27.421] [DEBUG] cheese - null
[2019-12-17T21:12:19.758] [DEBUG] cheese - login => username:admin,password:123456
[2019-12-17T21:12:19.758] [DEBUG] cheese - admin
[2019-12-17T21:12:19.760] [DEBUG] cheese - null
[2019-12-17T21:12:19.760] [DEBUG] cheese - null
[2019-12-17T21:13:17.029] [DEBUG] cheese - login => username:admin,password:123456aas
[2019-12-17T21:13:17.029] [DEBUG] cheese - admin
[2019-12-17T21:13:17.033] [DEBUG] cheese - null
[2019-12-17T21:13:17.033] [DEBUG] cheese - null
[2019-12-17T21:13:27.245] [DEBUG] cheese - login => username:admin,password:12345678
[2019-12-17T21:13:27.245] [DEBUG] cheese - admin
[2019-12-17T21:13:27.248] [DEBUG] cheese - null
[2019-12-17T21:13:27.248] [DEBUG] cheese - null
[2019-12-17T21:13:32.796] [DEBUG] cheese - login => username:admin,password:123456
[2019-12-17T21:13:32.796] [DEBUG] cheese - admin
[2019-12-17T21:13:32.799] [DEBUG] cheese - null
[2019-12-17T21:13:32.799] [DEBUG] cheese - null
[2019-12-17T21:16:12.409] [DEBUG] cheese - login => username:admin,password:123456
[2019-12-17T21:16:12.410] [DEBUG] cheese - admin
[2019-12-17T21:16:12.417] [DEBUG] cheese - null
[2019-12-17T21:16:12.417] [DEBUG] cheese - null
[2019-12-17T21:17:21.343] [DEBUG] cheese - login => username:admin,password:123456
[2019-12-17T21:17:21.343] [DEBUG] cheese - admin
[2019-12-17T21:17:21.345] [DEBUG] cheese - null
[2019-12-17T21:17:21.345] [DEBUG] cheese - null
[2019-12-17T21:31:09.901] [DEBUG] cheese - login => username:admin,password:123456
[2019-12-17T21:31:09.902] [DEBUG] cheese - admin
[2019-12-17T21:31:09.905] [DEBUG] cheese - null
[2019-12-17T21:31:09.905] [DEBUG] cheese - null
[2019-12-17T21:33:39.390] [DEBUG] cheese - login => username:admin,password:123456
[2019-12-17T21:33:39.390] [DEBUG] cheese - admin
[2019-12-17T21:33:39.393] [DEBUG] cheese - null
[2019-12-17T21:33:39.393] [DEBUG] cheese - null
[2019-12-17T21:40:02.296] [DEBUG] cheese - login => username:admin,password:123456
[2019-12-17T21:40:02.296] [DEBUG] cheese - admin
[2019-12-17T21:40:02.301] [DEBUG] cheese - null
[2019-12-17T21:40:02.301] [DEBUG] cheese - null
[2019-12-17T21:42:05.792] [DEBUG] cheese - login => username:admin,password:123456
[2019-12-17T21:42:05.792] [DEBUG] cheese - admin
[2019-12-17T21:42:05.796] [DEBUG] cheese - null
[2019-12-17T21:42:05.796] [DEBUG] cheese - null
[2019-12-18T07:59:10.985] [DEBUG] cheese - login => username:admin,password:123456
[2019-12-18T07:59:10.986] [DEBUG] cheese - admin
[2019-12-18T07:59:11.245] [DEBUG] cheese - null
[2019-12-18T07:59:11.246] [DEBUG] cheese - null
[2019-12-18T08:51:48.582] [DEBUG] cheese - login => username:admin,password:123456
[2019-12-18T08:51:48.583] [DEBUG] cheese - admin
[2019-12-18T08:51:48.587] [DEBUG] cheese - null
[2019-12-18T08:51:48.588] [DEBUG] cheese - null
[2019-12-18T13:39:23.553] [DEBUG] cheese - login => username:admin,password:123456
[2019-12-18T13:39:23.553] [DEBUG] cheese - admin
[2019-12-18T13:39:23.557] [DEBUG] cheese - null
[2019-12-18T13:39:23.557] [DEBUG] cheese - null
[2019-12-18T13:42:45.778] [DEBUG] cheese - login => username:admin,password:123456
[2019-12-18T13:42:45.778] [DEBUG] cheese - admin
[2019-12-18T13:42:45.780] [DEBUG] cheese - null
[2019-12-18T13:42:45.781] [DEBUG] cheese - null
[2019-12-18T13:50:13.116] [DEBUG] cheese - login => username:admin,password:123456
[2019-12-18T13:50:13.116] [DEBUG] cheese - admin
[2019-12-18T13:50:13.122] [DEBUG] cheese - null
[2019-12-18T13:50:13.123] [DEBUG] cheese - null
[2019-12-18T18:28:30.099] [DEBUG] cheese - login => username:admin,password:123456
[2019-12-18T18:28:30.099] [DEBUG] cheese - admin
[2019-12-18T18:28:30.106] [DEBUG] cheese - null
[2019-12-18T18:28:30.107] [DEBUG] cheese - null
[2019-12-18T18:30:12.698] [DEBUG] cheese - login => username:admin,password:123456
[2019-12-18T18:30:12.698] [DEBUG] cheese - admin
[2019-12-18T18:30:12.702] [DEBUG] cheese - null
[2019-12-18T18:30:12.702] [DEBUG] cheese - null
[2019-12-18T18:34:38.784] [DEBUG] cheese - login => username:admin,password:123456
[2019-12-18T18:34:38.785] [DEBUG] cheese - admin
[2019-12-18T18:34:38.791] [DEBUG] cheese - null
[2019-12-18T18:34:38.791] [DEBUG] cheese - null
[2019-12-18T21:20:47.923] [DEBUG] cheese - login => username:admin,password:123456
[2019-12-18T21:20:47.924] [DEBUG] cheese - admin
[2019-12-18T21:20:47.930] [DEBUG] cheese - null
[2019-12-18T21:20:47.930] [DEBUG] cheese - null
[2019-12-19T09:20:34.191] [DEBUG] cheese - login => username:admin,password:123456
[2019-12-19T09:20:34.192] [DEBUG] cheese - admin
[2019-12-19T09:20:34.278] [DEBUG] cheese - null
[2019-12-19T09:20:34.279] [DEBUG] cheese - null
[2019-12-19T15:24:16.221] [DEBUG] cheese - login => username:admin,password:123456
[2019-12-19T15:24:16.221] [DEBUG] cheese - admin
[2019-12-19T15:24:16.226] [DEBUG] cheese - null
[2019-12-19T15:24:16.226] [DEBUG] cheese - null
[2019-12-19T17:49:10.281] [DEBUG] cheese - login => username:admin,password:123456
[2019-12-19T17:49:10.283] [DEBUG] cheese - admin
[2019-12-19T17:49:10.338] [DEBUG] cheese - null
[2019-12-19T17:49:10.339] [DEBUG] cheese - null
[2019-12-19T20:22:34.992] [DEBUG] cheese - login => username:admin,password:123456
[2019-12-19T20:22:34.992] [DEBUG] cheese - admin
[2019-12-19T20:22:34.996] [DEBUG] cheese - null
[2019-12-19T20:22:34.996] [DEBUG] cheese - null
[2019-12-19T20:24:16.230] [DEBUG] cheese - login => username:admin,password:123456
[2019-12-19T20:24:16.230] [DEBUG] cheese - admin
[2019-12-19T20:24:16.233] [DEBUG] cheese - null
[2019-12-19T20:24:16.233] [DEBUG] cheese - null
[2019-12-19T21:44:33.833] [DEBUG] cheese - null
[2019-12-19T21:46:48.699] [DEBUG] cheese - null
[2019-12-20T08:48:59.307] [DEBUG] cheese - login => username:admin,password:123456
[2019-12-20T08:48:59.308] [DEBUG] cheese - admin
[2019-12-20T08:48:59.400] [DEBUG] cheese - null
[2019-12-20T08:48:59.401] [DEBUG] cheese - null
[2019-12-20T09:04:35.578] [DEBUG] cheese - login => username:admin,password:123456
[2019-12-20T09:04:35.579] [DEBUG] cheese - admin
[2019-12-20T09:04:35.583] [DEBUG] cheese - null
[2019-12-20T09:04:35.583] [DEBUG] cheese - null
[2019-12-20T09:34:43.606] [DEBUG] cheese - login => username:admin,password:123456
[2019-12-20T09:34:43.606] [DEBUG] cheese - admin
[2019-12-20T09:34:43.611] [DEBUG] cheese - null
[2019-12-20T09:34:43.612] [DEBUG] cheese - null
[2019-12-21T08:11:11.500] [DEBUG] cheese - login => username:admin,password:123456
[2019-12-21T08:11:11.503] [DEBUG] cheese - admin
[2019-12-21T08:11:11.627] [DEBUG] cheese - null
[2019-12-21T08:11:11.627] [DEBUG] cheese - null
[2019-12-22T17:29:43.266] [DEBUG] cheese - login => username:admin,password:123456
[2019-12-22T17:29:43.268] [DEBUG] cheese - admin
[2019-12-22T17:29:43.309] [DEBUG] cheese - null
[2019-12-22T17:29:43.309] [DEBUG] cheese - null
[2019-12-23T09:16:34.237] [DEBUG] cheese - login => username:admin,password:123456
[2019-12-23T09:16:34.239] [DEBUG] cheese - admin
[2019-12-23T09:16:34.280] [DEBUG] cheese - null
[2019-12-23T09:16:34.280] [DEBUG] cheese - null
[2019-12-23T10:09:14.266] [DEBUG] cheese - login => username:admin,password:123456
[2019-12-23T10:09:14.268] [DEBUG] cheese - admin
[2019-12-23T10:09:14.272] [DEBUG] cheese - null
[2019-12-23T10:09:14.273] [DEBUG] cheese - null
[2019-12-23T10:10:25.204] [DEBUG] cheese - login => username:admin,password:123456
[2019-12-23T10:10:25.205] [DEBUG] cheese - admin
[2019-12-23T10:10:25.211] [DEBUG] cheese - null
[2019-12-23T10:10:25.211] [DEBUG] cheese - null
[2019-12-23T10:29:47.495] [DEBUG] cheese - login => username:admin,password:123456
[2019-12-23T10:29:47.496] [DEBUG] cheese - admin
[2019-12-23T10:29:47.499] [DEBUG] cheese - null
[2019-12-23T10:29:47.499] [DEBUG] cheese - null
[2019-12-23T16:02:36.807] [DEBUG] cheese - login => username:admin,password:123456
[2019-12-23T16:02:36.809] [DEBUG] cheese - admin
[2019-12-23T16:02:36.814] [DEBUG] cheese - null
[2019-12-23T16:02:36.814] [DEBUG] cheese - null
[2019-12-23T21:11:10.246] [DEBUG] cheese - login => username:admin,password:123456
[2019-12-23T21:11:10.248] [DEBUG] cheese - admin
[2019-12-23T21:11:10.253] [DEBUG] cheese - null
[2019-12-23T21:11:10.254] [DEBUG] cheese - null
[2019-12-24T10:33:49.787] [DEBUG] cheese - login => username:admin,password:123456
[2019-12-24T10:33:49.790] [DEBUG] cheese - admin
[2019-12-24T10:33:49.829] [DEBUG] cheese - null
[2019-12-24T10:33:49.830] [DEBUG] cheese - null
[2019-12-24T10:53:11.560] [DEBUG] cheese - login => username:admin,password:123456
[2019-12-24T10:53:11.562] [DEBUG] cheese - admin
[2019-12-24T10:53:11.709] [DEBUG] cheese - null
[2019-12-24T10:53:11.710] [DEBUG] cheese - null
[2019-12-24T11:33:50.368] [DEBUG] cheese - login => username:admin,password:123456
[2019-12-24T11:33:50.369] [DEBUG] cheese - admin
[2019-12-24T11:33:50.374] [DEBUG] cheese - null
[2019-12-24T11:33:50.374] [DEBUG] cheese - null
[2019-12-24T13:26:20.274] [DEBUG] cheese - login => username:admin,password:123456
[2019-12-24T13:26:20.276] [DEBUG] cheese - admin
[2019-12-24T13:26:20.281] [DEBUG] cheese - null
[2019-12-24T13:26:20.281] [DEBUG] cheese - null
[2019-12-24T14:03:00.071] [DEBUG] cheese - login => username:admin,password:123456
[2019-12-24T14:03:00.072] [DEBUG] cheese - admin
[2019-12-24T14:03:00.076] [DEBUG] cheese - null
[2019-12-24T14:03:00.077] [DEBUG] cheese - null
[2019-12-24T15:43:02.850] [DEBUG] cheese - login => username:admin,password:123456
[2019-12-24T15:43:02.851] [DEBUG] cheese - admin
[2019-12-24T15:43:02.855] [DEBUG] cheese - null
[2019-12-24T15:43:02.856] [DEBUG] cheese - null
[2019-12-25T08:20:56.210] [DEBUG] cheese - login => username:admin,password:123456
[2019-12-25T08:20:56.211] [DEBUG] cheese - admin
[2019-12-25T08:20:56.252] [DEBUG] cheese - null
[2019-12-25T08:20:56.253] [DEBUG] cheese - null
[2019-12-25T11:30:36.686] [DEBUG] cheese - login => username:admin,password:123456
[2019-12-25T11:30:36.688] [DEBUG] cheese - admin
[2019-12-25T11:30:36.700] [DEBUG] cheese - null
[2019-12-25T11:30:36.701] [DEBUG] cheese - null
[2019-12-25T12:52:37.252] [DEBUG] cheese - login => username:admin,password:123456
[2019-12-25T12:52:37.254] [DEBUG] cheese - admin
[2019-12-25T12:52:37.295] [DEBUG] cheese - null
[2019-12-25T12:52:37.295] [DEBUG] cheese - null
[2019-12-25T17:46:17.563] [DEBUG] cheese - login => username:admin,password:123456
[2019-12-25T17:46:17.564] [DEBUG] cheese - admin
[2019-12-25T17:46:17.570] [DEBUG] cheese - null
[2019-12-25T17:46:17.571] [DEBUG] cheese - null
[2019-12-26T08:16:54.225] [DEBUG] cheese - login => username:admin,password:123456
[2019-12-26T08:16:54.227] [DEBUG] cheese - admin
[2019-12-26T08:16:54.279] [DEBUG] cheese - null
[2019-12-26T08:16:54.279] [DEBUG] cheese - null
[2019-12-27T08:00:42.249] [DEBUG] cheese - login => username:admin,password:123456
[2019-12-27T08:00:42.251] [DEBUG] cheese - admin
[2019-12-27T08:00:42.369] [DEBUG] cheese - null
[2019-12-27T08:00:42.370] [DEBUG] cheese - null
[2019-12-27T21:23:45.364] [DEBUG] cheese - login => username:admin,password:123456
[2019-12-27T21:23:45.366] [DEBUG] cheese - admin
[2019-12-27T21:23:45.378] [DEBUG] cheese - null
[2019-12-27T21:23:45.378] [DEBUG] cheese - null
[2019-12-28T08:33:44.311] [DEBUG] cheese - login => username:admin,password:123456
[2019-12-28T08:33:44.313] [DEBUG] cheese - admin
[2019-12-28T08:33:44.374] [DEBUG] cheese - null
[2019-12-28T08:33:44.375] [DEBUG] cheese - null
[2019-12-29T09:49:55.594] [DEBUG] cheese - login => username:admin,password:123456
[2019-12-29T09:49:55.596] [DEBUG] cheese - admin
[2019-12-29T09:49:55.637] [DEBUG] cheese - null
[2019-12-29T09:49:55.638] [DEBUG] cheese - null
[2019-12-29T14:45:15.255] [DEBUG] cheese - login => username:admin,password:123456
[2019-12-29T14:45:15.257] [DEBUG] cheese - admin
[2019-12-29T14:45:15.264] [DEBUG] cheese - null
[2019-12-29T14:45:15.265] [DEBUG] cheese - null
[2019-12-29T18:31:30.299] [DEBUG] cheese - null
[2019-12-30T08:23:33.012] [DEBUG] cheese - login => username:admin,password:123456
[2019-12-30T08:23:33.014] [DEBUG] cheese - admin
[2019-12-30T08:23:33.066] [DEBUG] cheese - null
[2019-12-30T08:23:33.067] [DEBUG] cheese - null
[2019-12-30T08:33:35.395] [DEBUG] cheese - login => username:admin,password:123456
[2019-12-30T08:33:35.397] [DEBUG] cheese - admin
[2019-12-30T08:33:35.404] [DEBUG] cheese - null
[2019-12-30T08:33:35.405] [DEBUG] cheese - null
[2019-12-30T09:37:32.522] [DEBUG] cheese - login => username:admin,password:123456
[2019-12-30T09:37:32.524] [DEBUG] cheese - admin
[2019-12-30T09:37:32.530] [DEBUG] cheese - null
[2019-12-30T09:37:32.531] [DEBUG] cheese - null
[2019-12-30T09:51:16.310] [DEBUG] cheese - login => username:admin,password:123456
[2019-12-30T09:51:16.310] [DEBUG] cheese - admin
[2019-12-30T09:51:16.315] [DEBUG] cheese - null
[2019-12-30T09:51:16.315] [DEBUG] cheese - null
[2019-12-30T10:02:22.956] [DEBUG] cheese - null
[2019-12-30T10:42:53.963] [DEBUG] cheese - login => username:admin,password:123456
[2019-12-30T10:42:53.963] [DEBUG] cheese - admin
[2019-12-30T10:42:53.969] [DEBUG] cheese - null
[2019-12-30T10:42:53.970] [DEBUG] cheese - null
[2019-12-30T11:05:58.581] [DEBUG] cheese - login => username:admin,password:123456
[2019-12-30T11:05:58.582] [DEBUG] cheese - admin
[2019-12-30T11:05:58.588] [DEBUG] cheese - null
[2019-12-30T11:05:58.589] [DEBUG] cheese - null
[2019-12-30T13:01:15.893] [DEBUG] cheese - login => username:admin,password:123456
[2019-12-30T13:01:15.894] [DEBUG] cheese - admin
[2019-12-30T13:01:15.899] [DEBUG] cheese - null
[2019-12-30T13:01:15.900] [DEBUG] cheese - null
[2020-01-10T18:02:58.476] [DEBUG] cheese - login => username:admin,password:123456
[2020-01-10T18:02:58.505] [DEBUG] cheese - admin
[2020-01-10T18:02:58.574] [DEBUG] cheese - null
[2020-01-10T18:02:58.575] [DEBUG] cheese - null
[2020-01-17T10:48:26.485] [DEBUG] cheese - login => username:admin,password:123456
[2020-01-17T10:48:26.530] [DEBUG] cheese - admin
[2020-01-17T10:48:26.638] [DEBUG] cheese - null
[2020-01-17T10:48:26.639] [DEBUG] cheese - null
[2020-02-15T09:27:28.116] [DEBUG] cheese - login => username:admin,password:123456
[2020-02-15T09:27:28.118] [DEBUG] cheese - admin
[2020-02-15T09:27:28.193] [DEBUG] cheese - null
[2020-02-15T09:27:28.193] [DEBUG] cheese - null
[2020-03-27T12:32:50.723] [DEBUG] cheese - login => username:admin,password:123456
[2020-03-27T12:32:50.724] [DEBUG] cheese - admin
[2020-03-27T12:32:50.764] [DEBUG] cheese - null
[2020-03-27T12:32:50.765] [DEBUG] cheese - null
[2020-03-27T12:33:42.399] [DEBUG] cheese - login => username:admin,password:123456
[2020-03-27T12:33:42.399] [DEBUG] cheese - admin
[2020-03-27T12:33:42.402] [DEBUG] cheese - null
[2020-03-27T12:33:42.402] [DEBUG] cheese - null
[2020-03-27T15:02:22.950] [DEBUG] cheese - login => username:admin,password:123456
[2020-03-27T15:02:22.951] [DEBUG] cheese - admin
[2020-03-27T15:02:22.953] [DEBUG] cheese - null
[2020-03-27T15:02:22.954] [DEBUG] cheese - null
[2020-03-27T15:06:53.461] [DEBUG] cheese - login => username:admin,password:123456
[2020-03-27T15:06:53.461] [DEBUG] cheese - admin
[2020-03-27T15:06:53.463] [DEBUG] cheese - null
[2020-03-27T15:06:53.464] [DEBUG] cheese - null
[2020-03-27T15:11:10.104] [DEBUG] cheese - login => username:admin,password:123456
[2020-03-27T15:11:10.104] [DEBUG] cheese - admin
[2020-03-27T15:11:10.106] [DEBUG] cheese - null
[2020-03-27T15:11:10.106] [DEBUG] cheese - null
[2020-03-27T15:17:04.618] [DEBUG] cheese - login => username:admin,password:123456
[2020-03-27T15:17:04.620] [DEBUG] cheese - admin
[2020-03-27T15:17:04.636] [DEBUG] cheese - null
[2020-03-27T15:17:04.637] [DEBUG] cheese - null
[2020-03-27T15:47:10.498] [DEBUG] cheese - login => username:admin,password:123456
[2020-03-27T15:47:10.499] [DEBUG] cheese - admin
[2020-03-27T15:47:10.618] [DEBUG] cheese - null
[2020-03-27T15:47:10.619] [DEBUG] cheese - null
[2020-03-27T15:57:24.957] [DEBUG] cheese - login => username:admin,password:123456
[2020-03-27T15:57:24.958] [DEBUG] cheese - admin
[2020-03-27T15:57:24.962] [DEBUG] cheese - null
[2020-03-27T15:57:24.963] [DEBUG] cheese - null
[2020-03-27T16:05:23.179] [DEBUG] cheese - login => username:admin,password:123456
[2020-03-27T16:05:23.181] [DEBUG] cheese - admin
[2020-03-27T16:05:23.186] [DEBUG] cheese - null
[2020-03-27T16:05:23.187] [DEBUG] cheese - null
[2020-03-27T16:16:53.115] [DEBUG] cheese - login => username:admin,password:123456
[2020-03-27T16:16:53.115] [DEBUG] cheese - admin
[2020-03-27T16:16:53.118] [DEBUG] cheese - null
[2020-03-27T16:16:53.118] [DEBUG] cheese - null
[2020-03-27T16:42:26.066] [DEBUG] cheese - login => username:admin,password:123456
[2020-03-27T16:42:26.067] [DEBUG] cheese - admin
[2020-03-27T16:42:26.070] [DEBUG] cheese - null
[2020-03-27T16:42:26.070] [DEBUG] cheese - null
[2020-03-27T16:47:25.809] [DEBUG] cheese - login => username:admin,password:123456
[2020-03-27T16:47:25.809] [DEBUG] cheese - admin
[2020-03-27T16:47:25.811] [DEBUG] cheese - null
[2020-03-27T16:47:25.812] [DEBUG] cheese - null
[2020-03-27T17:18:24.942] [DEBUG] cheese - login => username:admin,password:123456
[2020-03-27T17:18:24.943] [DEBUG] cheese - admin
[2020-03-27T17:18:24.947] [DEBUG] cheese - null
[2020-03-27T17:18:24.947] [DEBUG] cheese - null
[2020-03-27T20:54:03.069] [DEBUG] cheese - login => username:admin,password:123456
[2020-03-27T20:54:03.071] [DEBUG] cheese - admin
[2020-03-27T20:54:03.075] [DEBUG] cheese - null
[2020-03-27T20:54:03.075] [DEBUG] cheese - null
[2020-03-27T20:58:26.413] [DEBUG] cheese - login => username:admin,password:123456
[2020-03-27T20:58:26.414] [DEBUG] cheese - admin
[2020-03-27T20:58:26.417] [DEBUG] cheese - null
[2020-03-27T20:58:26.418] [DEBUG] cheese - null
[2020-04-07T09:22:49.511] [DEBUG] cheese - login => username:admin,password:123456
[2020-04-07T09:22:49.514] [DEBUG] cheese - admin
[2020-04-07T09:22:49.577] [DEBUG] cheese - null
[2020-04-07T09:22:49.577] [DEBUG] cheese - null
[2020-04-07T11:24:55.891] [DEBUG] cheese - login => username:admin,password:123456
[2020-04-07T11:24:55.893] [DEBUG] cheese - admin
[2020-04-07T11:24:55.904] [DEBUG] cheese - { inspect: [Function: inspect] }
[2020-04-07T11:24:55.906] [DEBUG] cheese - 查询失败
[2020-04-07T11:24:57.359] [DEBUG] cheese - login => username:admin,password:123456
[2020-04-07T11:24:57.359] [DEBUG] cheese - admin
[2020-04-07T11:24:57.364] [DEBUG] cheese - { inspect: [Function: inspect] }
[2020-04-07T11:24:57.364] [DEBUG] cheese - 查询失败
[2020-04-07T11:24:57.669] [DEBUG] cheese - login => username:admin,password:123456
[2020-04-07T11:24:57.670] [DEBUG] cheese - admin
[2020-04-07T11:24:57.673] [DEBUG] cheese - { inspect: [Function: inspect] }
[2020-04-07T11:24:57.674] [DEBUG] cheese - 查询失败
[2020-04-07T11:24:57.861] [DEBUG] cheese - login => username:admin,password:123456
[2020-04-07T11:24:57.861] [DEBUG] cheese - admin
[2020-04-07T11:24:57.864] [DEBUG] cheese - { inspect: [Function: inspect] }
[2020-04-07T11:24:57.864] [DEBUG] cheese - 查询失败
[2020-04-07T11:24:58.052] [DEBUG] cheese - login => username:admin,password:123456
[2020-04-07T11:24:58.052] [DEBUG] cheese - admin
[2020-04-07T11:24:58.054] [DEBUG] cheese - { inspect: [Function: inspect] }
[2020-04-07T11:24:58.055] [DEBUG] cheese - 查询失败
[2020-04-07T11:25:13.490] [DEBUG] cheese - login => username:admin,password:123456
[2020-04-07T11:25:13.491] [DEBUG] cheese - admin
[2020-04-07T11:25:13.496] [DEBUG] cheese - { inspect: [Function: inspect] }
[2020-04-07T11:25:13.496] [DEBUG] cheese - 查询失败
[2020-04-07T11:29:18.143] [DEBUG] cheese - login => username:admin,password:123456
[2020-04-07T11:29:18.145] [DEBUG] cheese - admin
[2020-04-07T11:29:18.168] [DEBUG] cheese - null
[2020-04-07T11:29:18.169] [DEBUG] cheese - null
[2020-04-07T15:25:51.120] [DEBUG] cheese - login => username:admin,password:123456
[2020-04-07T15:25:51.120] [DEBUG] cheese - admin
[2020-04-07T15:25:51.123] [DEBUG] cheese - null
[2020-04-07T15:25:51.124] [DEBUG] cheese - null
[2020-04-07T15:41:41.691] [DEBUG] cheese - login => username:admin,password:123456
[2020-04-07T15:41:41.691] [DEBUG] cheese - admin
[2020-04-07T15:41:41.696] [DEBUG] cheese - null
[2020-04-07T15:41:41.696] [DEBUG] cheese - null
[2020-04-07T15:43:08.194] [DEBUG] cheese - login => username:admin,password:123456
[2020-04-07T15:43:08.194] [DEBUG] cheese - admin
[2020-04-07T15:43:08.197] [DEBUG] cheese - null
[2020-04-07T15:43:08.198] [DEBUG] cheese - null
